<html>
<head>
<title>TestNG:  Default test</title>
<link href="../testng.css" rel="stylesheet" type="text/css" />
<link href="../my-testng.css" rel="stylesheet" type="text/css" />

<style type="text/css">
.log { display: none;} 
.stack-trace { display: none;} 
</style>
<script type="text/javascript">
<!--
function flip(e) {
  current = e.style.display;
  if (current == 'block') {
    e.style.display = 'none';
    return 0;
  }
  else {
    e.style.display = 'block';
    return 1;
  }
}

function toggleBox(szDivId, elem, msg1, msg2)
{
  var res = -1;  if (document.getElementById) {
    res = flip(document.getElementById(szDivId));
  }
  else if (document.all) {
    // this is the way old msie versions work
    res = flip(document.all[szDivId]);
  }
  if(elem) {
    if(res == 0) elem.innerHTML = msg1; else elem.innerHTML = msg2;
  }

}

function toggleAllBoxes() {
  if (document.getElementsByTagName) {
    d = document.getElementsByTagName('div');
    for (i = 0; i < d.length; i++) {
      if (d[i].className == 'log') {
        flip(d[i]);
      }
    }
  }
}

// -->
</script>

</head>
<body>
<h2 align='center'>Default test</h2><table border='1' align="center">
<tr>
<td>Tests passed/Failed/Skipped:</td><td>13/11/0</td>
</tr><tr>
<td>Started on:</td><td>Fri Sep 30 13:52:38 ICT 2022</td>
</tr>
<tr><td>Total time:</td><td>184 seconds (184809 ms)</td>
</tr><tr>
<td>Included groups:</td><td></td>
</tr><tr>
<td>Excluded groups:</td><td></td>
</tr>
</table><p/>
<small><i>(Hover the method name to see the test class name)</i></small><p/>
<table width='100%' border='1' class='invocation-failed'>
<tr><td colspan='4' align='center'><b>FAILED TESTS</b></td></tr>
<tr><td><b>Test method</b></td>
<td><b>Attribute(s)</b></td>
<td width="30%"><b>Exception</b></td>
<td width="10%"><b>Time (seconds)</b></td>
<td><b>Instance</b></td>
</tr>
<tr>
<td title='cucumber.framework.runner.jcadmin.JCAdminRunner.runScenario()'><b>runScenario</b><br>Test class: cucumber.framework.runner.jcadmin.JCAdminRunner<br>Test method: Runs Cucumber Scenarios<br>Parameters: "Mengedit keunggulan3 di data pertama", "Rincian Biaya"</td>
<td><div><pre>io.cucumber.testng.UndefinedStepException: The step &apos;Admin mengedit keunggulan3 dengan dapat link kerja&apos; and 2 other step(s) are undefined.
You can implement these steps using the snippet(s) below:

@When(&quot;Admin mengedit keunggulan3 dengan dapat link kerja&quot;)
public void admin_mengedit_keunggulan3_dengan_dapat_link_kerja() {
    // Write code here that turns the phrase above into concrete actions
    throw new io.cucumber.java.PendingException();
}
@When(&quot;Admin menekan tombol simpan edit keunggulan3&quot;)
public void admin_menekan_tombol_simpan_edit_keunggulan3() {
    // Write code here that turns the phrase above into concrete actions
    throw new io.cucumber.java.PendingException();
}
@Then(&quot;Admin mengedit keunggulan3&quot;)
public void admin_mengedit_keunggulan3() {
    // Write code here that turns the phrase above into concrete actions
    throw new io.cucumber.java.PendingException();
}

	at io.cucumber.core.runtime.TestCaseResultObserver.assertTestCasePassed(TestCaseResultObserver.java:69)
	at io.cucumber.testng.TestCaseResultObserver.assertTestCasePassed(TestCaseResultObserver.java:23)
	at io.cucumber.testng.TestNGCucumberRunner.lambda$runScenario$1(TestNGCucumberRunner.java:133)
	at io.cucumber.core.runtime.CucumberExecutionContext.lambda$runTestCase$5(CucumberExecutionContext.java:129)
	at io.cucumber.core.runtime.RethrowingThrowableCollector.executeAndThrow(RethrowingThrowableCollector.java:23)
	at io.cucumber.core.runtime.CucumberExecutionContext.runTestCase(CucumberExecutionContext.java:129)
	at io.cucumber.testng.TestNGCucumberRunner.runScenario(TestNGCucumberRunner.java:129)
	at io.cucumber.testng.AbstractTestNGCucumberTests.runScenario(AbstractTestNGCucumberTests.java:35)
	at java.base/jdk.internal.reflect.NativeMethodAccessorImpl.invoke0(Native Method)
	at java.base/jdk.internal.reflect.NativeMethodAccessorImpl.invoke(NativeMethodAccessorImpl.java:77)
	at java.base/jdk.internal.reflect.DelegatingMethodAccessorImpl.invoke(DelegatingMethodAccessorImpl.java:43)
	at java.base/java.lang.reflect.Method.invoke(Method.java:568)
	at org.testng.internal.invokers.MethodInvocationHelper.invokeMethod(MethodInvocationHelper.java:139)
	at org.testng.internal.invokers.TestInvoker.invokeMethod(TestInvoker.java:677)
	at org.testng.internal.invokers.TestInvoker.invokeTestMethod(TestInvoker.java:221)
	at org.testng.internal.invokers.MethodRunner.runInSequence(MethodRunner.java:50)
	at org.testng.internal.invokers.TestInvoker$MethodInvocationAgent.invoke(TestInvoker.java:962)
	at org.testng.internal.invokers.TestInvoker.invokeTestMethods(TestInvoker.java:194)
	at org.testng.internal.invokers.TestMethodWorker.invokeTestMethods(TestMethodWorker.java:148)
	at org.testng.internal.invokers.TestMethodWorker.run(TestMethodWorker.java:128)
	at java.base/java.util.ArrayList.forEach(ArrayList.java:1511)
	at org.testng.TestRunner.privateRun(TestRunner.java:806)
	at org.testng.TestRunner.run(TestRunner.java:601)
	at org.testng.SuiteRunner.runTest(SuiteRunner.java:433)
	at org.testng.SuiteRunner.runSequentially(SuiteRunner.java:427)
	at org.testng.SuiteRunner.privateRun(SuiteRunner.java:387)
	at org.testng.SuiteRunner.run(SuiteRunner.java:330)
	at org.testng.SuiteRunnerWorker.runSuite(SuiteRunnerWorker.java:52)
	at org.testng.SuiteRunnerWorker.run(SuiteRunnerWorker.java:95)
	at org.testng.TestNG.runSuitesSequentially(TestNG.java:1256)
	at org.testng.TestNG.runSuitesLocally(TestNG.java:1176)
	at org.testng.TestNG.runSuites(TestNG.java:1099)
	at org.testng.TestNG.run(TestNG.java:1067)
	at org.testng.remote.AbstractRemoteTestNG.run(AbstractRemoteTestNG.java:115)
	at org.testng.remote.RemoteTestNG.initAndRun(RemoteTestNG.java:251)
	at org.testng.remote.RemoteTestNG.main(RemoteTestNG.java:77)
</pre></div><a href='#' onClick='toggleBox("stack-trace1134384220", this, "Click to show all stack frames", "Click to hide stack frames")'>Click to show all stack frames</a>
<div class='stack-trace' id='stack-trace1134384220'><pre>io.cucumber.testng.UndefinedStepException: The step &apos;Admin mengedit keunggulan3 dengan dapat link kerja&apos; and 2 other step(s) are undefined.
You can implement these steps using the snippet(s) below:

@When(&quot;Admin mengedit keunggulan3 dengan dapat link kerja&quot;)
public void admin_mengedit_keunggulan3_dengan_dapat_link_kerja() {
    // Write code here that turns the phrase above into concrete actions
    throw new io.cucumber.java.PendingException();
}
@When(&quot;Admin menekan tombol simpan edit keunggulan3&quot;)
public void admin_menekan_tombol_simpan_edit_keunggulan3() {
    // Write code here that turns the phrase above into concrete actions
    throw new io.cucumber.java.PendingException();
}
@Then(&quot;Admin mengedit keunggulan3&quot;)
public void admin_mengedit_keunggulan3() {
    // Write code here that turns the phrase above into concrete actions
    throw new io.cucumber.java.PendingException();
}

	at io.cucumber.core.runtime.TestCaseResultObserver.assertTestCasePassed(TestCaseResultObserver.java:69)
	at io.cucumber.testng.TestCaseResultObserver.assertTestCasePassed(TestCaseResultObserver.java:23)
	at io.cucumber.testng.TestNGCucumberRunner.lambda$runScenario$1(TestNGCucumberRunner.java:133)
	at io.cucumber.core.runtime.CucumberExecutionContext.lambda$runTestCase$5(CucumberExecutionContext.java:129)
	at io.cucumber.core.runtime.RethrowingThrowableCollector.executeAndThrow(RethrowingThrowableCollector.java:23)
	at io.cucumber.core.runtime.CucumberExecutionContext.runTestCase(CucumberExecutionContext.java:129)
	at io.cucumber.testng.TestNGCucumberRunner.runScenario(TestNGCucumberRunner.java:129)
	at io.cucumber.testng.AbstractTestNGCucumberTests.runScenario(AbstractTestNGCucumberTests.java:35)
	at java.base/jdk.internal.reflect.NativeMethodAccessorImpl.invoke0(Native Method)
	at java.base/jdk.internal.reflect.NativeMethodAccessorImpl.invoke(NativeMethodAccessorImpl.java:77)
	at java.base/jdk.internal.reflect.DelegatingMethodAccessorImpl.invoke(DelegatingMethodAccessorImpl.java:43)
	at java.base/java.lang.reflect.Method.invoke(Method.java:568)
	at org.testng.internal.invokers.MethodInvocationHelper.invokeMethod(MethodInvocationHelper.java:139)
	at org.testng.internal.invokers.TestInvoker.invokeMethod(TestInvoker.java:677)
	at org.testng.internal.invokers.TestInvoker.invokeTestMethod(TestInvoker.java:221)
	at org.testng.internal.invokers.MethodRunner.runInSequence(MethodRunner.java:50)
	at org.testng.internal.invokers.TestInvoker$MethodInvocationAgent.invoke(TestInvoker.java:962)
	at org.testng.internal.invokers.TestInvoker.invokeTestMethods(TestInvoker.java:194)
	at org.testng.internal.invokers.TestMethodWorker.invokeTestMethods(TestMethodWorker.java:148)
	at org.testng.internal.invokers.TestMethodWorker.run(TestMethodWorker.java:128)
	at java.base/java.util.ArrayList.forEach(ArrayList.java:1511)
	at org.testng.TestRunner.privateRun(TestRunner.java:806)
	at org.testng.TestRunner.run(TestRunner.java:601)
	at org.testng.SuiteRunner.runTest(SuiteRunner.java:433)
	at org.testng.SuiteRunner.runSequentially(SuiteRunner.java:427)
	at org.testng.SuiteRunner.privateRun(SuiteRunner.java:387)
	at org.testng.SuiteRunner.run(SuiteRunner.java:330)
	at org.testng.SuiteRunnerWorker.runSuite(SuiteRunnerWorker.java:52)
	at org.testng.SuiteRunnerWorker.run(SuiteRunnerWorker.java:95)
	at org.testng.TestNG.runSuitesSequentially(TestNG.java:1256)
	at org.testng.TestNG.runSuitesLocally(TestNG.java:1176)
	at org.testng.TestNG.runSuites(TestNG.java:1099)
	at org.testng.TestNG.run(TestNG.java:1067)
	at org.testng.remote.AbstractRemoteTestNG.run(AbstractRemoteTestNG.java:115)
	at org.testng.remote.RemoteTestNG.initAndRun(RemoteTestNG.java:251)
	at org.testng.remote.RemoteTestNG.main(RemoteTestNG.java:77)
</pre></div></td>
<td>4</td>
<td>cucumber.framework.runner.jcadmin.JCAdminRunner@1a677343</td></tr>
<tr>
<td title='cucumber.framework.runner.jcadmin.JCAdminRunner.runScenario()'><b>runScenario</b><br>Test class: cucumber.framework.runner.jcadmin.JCAdminRunner<br>Test method: Runs Cucumber Scenarios<br>Parameters: "Mengedit keunggulan4 di data pertama", "Rincian Biaya"</td>
<td><div><pre>io.cucumber.testng.UndefinedStepException: The step &apos;Admin mengedit keunggulan4 dengan dapat link kerja&apos; and 2 other step(s) are undefined.
You can implement these steps using the snippet(s) below:

@When(&quot;Admin mengedit keunggulan4 dengan dapat link kerja&quot;)
public void admin_mengedit_keunggulan4_dengan_dapat_link_kerja() {
    // Write code here that turns the phrase above into concrete actions
    throw new io.cucumber.java.PendingException();
}
@When(&quot;Admin menekan tombol simpan edit keunggulan4&quot;)
public void admin_menekan_tombol_simpan_edit_keunggulan4() {
    // Write code here that turns the phrase above into concrete actions
    throw new io.cucumber.java.PendingException();
}
@Then(&quot;Admin mengedit keunggulan4&quot;)
public void admin_mengedit_keunggulan4() {
    // Write code here that turns the phrase above into concrete actions
    throw new io.cucumber.java.PendingException();
}

	at io.cucumber.core.runtime.TestCaseResultObserver.assertTestCasePassed(TestCaseResultObserver.java:69)
	at io.cucumber.testng.TestCaseResultObserver.assertTestCasePassed(TestCaseResultObserver.java:23)
	at io.cucumber.testng.TestNGCucumberRunner.lambda$runScenario$1(TestNGCucumberRunner.java:133)
	at io.cucumber.core.runtime.CucumberExecutionContext.lambda$runTestCase$5(CucumberExecutionContext.java:129)
	at io.cucumber.core.runtime.RethrowingThrowableCollector.executeAndThrow(RethrowingThrowableCollector.java:23)
	at io.cucumber.core.runtime.CucumberExecutionContext.runTestCase(CucumberExecutionContext.java:129)
	at io.cucumber.testng.TestNGCucumberRunner.runScenario(TestNGCucumberRunner.java:129)
	at io.cucumber.testng.AbstractTestNGCucumberTests.runScenario(AbstractTestNGCucumberTests.java:35)
	at java.base/jdk.internal.reflect.NativeMethodAccessorImpl.invoke0(Native Method)
	at java.base/jdk.internal.reflect.NativeMethodAccessorImpl.invoke(NativeMethodAccessorImpl.java:77)
	at java.base/jdk.internal.reflect.DelegatingMethodAccessorImpl.invoke(DelegatingMethodAccessorImpl.java:43)
	at java.base/java.lang.reflect.Method.invoke(Method.java:568)
	at org.testng.internal.invokers.MethodInvocationHelper.invokeMethod(MethodInvocationHelper.java:139)
	at org.testng.internal.invokers.TestInvoker.invokeMethod(TestInvoker.java:677)
	at org.testng.internal.invokers.TestInvoker.invokeTestMethod(TestInvoker.java:221)
	at org.testng.internal.invokers.MethodRunner.runInSequence(MethodRunner.java:50)
	at org.testng.internal.invokers.TestInvoker$MethodInvocationAgent.invoke(TestInvoker.java:962)
	at org.testng.internal.invokers.TestInvoker.invokeTestMethods(TestInvoker.java:194)
	at org.testng.internal.invokers.TestMethodWorker.invokeTestMethods(TestMethodWorker.java:148)
	at org.testng.internal.invokers.TestMethodWorker.run(TestMethodWorker.java:128)
	at java.base/java.util.ArrayList.forEach(ArrayList.java:1511)
	at org.testng.TestRunner.privateRun(TestRunner.java:806)
	at org.testng.TestRunner.run(TestRunner.java:601)
	at org.testng.SuiteRunner.runTest(SuiteRunner.java:433)
	at org.testng.SuiteRunner.runSequentially(SuiteRunner.java:427)
	at org.testng.SuiteRunner.privateRun(SuiteRunner.java:387)
	at org.testng.SuiteRunner.run(SuiteRunner.java:330)
	at org.testng.SuiteRunnerWorker.runSuite(SuiteRunnerWorker.java:52)
	at org.testng.SuiteRunnerWorker.run(SuiteRunnerWorker.java:95)
	at org.testng.TestNG.runSuitesSequentially(TestNG.java:1256)
	at org.testng.TestNG.runSuitesLocally(TestNG.java:1176)
	at org.testng.TestNG.runSuites(TestNG.java:1099)
	at org.testng.TestNG.run(TestNG.java:1067)
	at org.testng.remote.AbstractRemoteTestNG.run(AbstractRemoteTestNG.java:115)
	at org.testng.remote.RemoteTestNG.initAndRun(RemoteTestNG.java:251)
	at org.testng.remote.RemoteTestNG.main(RemoteTestNG.java:77)
</pre></div><a href='#' onClick='toggleBox("stack-trace351108575", this, "Click to show all stack frames", "Click to hide stack frames")'>Click to show all stack frames</a>
<div class='stack-trace' id='stack-trace351108575'><pre>io.cucumber.testng.UndefinedStepException: The step &apos;Admin mengedit keunggulan4 dengan dapat link kerja&apos; and 2 other step(s) are undefined.
You can implement these steps using the snippet(s) below:

@When(&quot;Admin mengedit keunggulan4 dengan dapat link kerja&quot;)
public void admin_mengedit_keunggulan4_dengan_dapat_link_kerja() {
    // Write code here that turns the phrase above into concrete actions
    throw new io.cucumber.java.PendingException();
}
@When(&quot;Admin menekan tombol simpan edit keunggulan4&quot;)
public void admin_menekan_tombol_simpan_edit_keunggulan4() {
    // Write code here that turns the phrase above into concrete actions
    throw new io.cucumber.java.PendingException();
}
@Then(&quot;Admin mengedit keunggulan4&quot;)
public void admin_mengedit_keunggulan4() {
    // Write code here that turns the phrase above into concrete actions
    throw new io.cucumber.java.PendingException();
}

	at io.cucumber.core.runtime.TestCaseResultObserver.assertTestCasePassed(TestCaseResultObserver.java:69)
	at io.cucumber.testng.TestCaseResultObserver.assertTestCasePassed(TestCaseResultObserver.java:23)
	at io.cucumber.testng.TestNGCucumberRunner.lambda$runScenario$1(TestNGCucumberRunner.java:133)
	at io.cucumber.core.runtime.CucumberExecutionContext.lambda$runTestCase$5(CucumberExecutionContext.java:129)
	at io.cucumber.core.runtime.RethrowingThrowableCollector.executeAndThrow(RethrowingThrowableCollector.java:23)
	at io.cucumber.core.runtime.CucumberExecutionContext.runTestCase(CucumberExecutionContext.java:129)
	at io.cucumber.testng.TestNGCucumberRunner.runScenario(TestNGCucumberRunner.java:129)
	at io.cucumber.testng.AbstractTestNGCucumberTests.runScenario(AbstractTestNGCucumberTests.java:35)
	at java.base/jdk.internal.reflect.NativeMethodAccessorImpl.invoke0(Native Method)
	at java.base/jdk.internal.reflect.NativeMethodAccessorImpl.invoke(NativeMethodAccessorImpl.java:77)
	at java.base/jdk.internal.reflect.DelegatingMethodAccessorImpl.invoke(DelegatingMethodAccessorImpl.java:43)
	at java.base/java.lang.reflect.Method.invoke(Method.java:568)
	at org.testng.internal.invokers.MethodInvocationHelper.invokeMethod(MethodInvocationHelper.java:139)
	at org.testng.internal.invokers.TestInvoker.invokeMethod(TestInvoker.java:677)
	at org.testng.internal.invokers.TestInvoker.invokeTestMethod(TestInvoker.java:221)
	at org.testng.internal.invokers.MethodRunner.runInSequence(MethodRunner.java:50)
	at org.testng.internal.invokers.TestInvoker$MethodInvocationAgent.invoke(TestInvoker.java:962)
	at org.testng.internal.invokers.TestInvoker.invokeTestMethods(TestInvoker.java:194)
	at org.testng.internal.invokers.TestMethodWorker.invokeTestMethods(TestMethodWorker.java:148)
	at org.testng.internal.invokers.TestMethodWorker.run(TestMethodWorker.java:128)
	at java.base/java.util.ArrayList.forEach(ArrayList.java:1511)
	at org.testng.TestRunner.privateRun(TestRunner.java:806)
	at org.testng.TestRunner.run(TestRunner.java:601)
	at org.testng.SuiteRunner.runTest(SuiteRunner.java:433)
	at org.testng.SuiteRunner.runSequentially(SuiteRunner.java:427)
	at org.testng.SuiteRunner.privateRun(SuiteRunner.java:387)
	at org.testng.SuiteRunner.run(SuiteRunner.java:330)
	at org.testng.SuiteRunnerWorker.runSuite(SuiteRunnerWorker.java:52)
	at org.testng.SuiteRunnerWorker.run(SuiteRunnerWorker.java:95)
	at org.testng.TestNG.runSuitesSequentially(TestNG.java:1256)
	at org.testng.TestNG.runSuitesLocally(TestNG.java:1176)
	at org.testng.TestNG.runSuites(TestNG.java:1099)
	at org.testng.TestNG.run(TestNG.java:1067)
	at org.testng.remote.AbstractRemoteTestNG.run(AbstractRemoteTestNG.java:115)
	at org.testng.remote.RemoteTestNG.initAndRun(RemoteTestNG.java:251)
	at org.testng.remote.RemoteTestNG.main(RemoteTestNG.java:77)
</pre></div></td>
<td>4</td>
<td>cucumber.framework.runner.jcadmin.JCAdminRunner@1a677343</td></tr>
<tr>
<td title='cucumber.framework.runner.jcadmin.JCAdminRunner.runScenario()'><b>runScenario</b><br>Test class: cucumber.framework.runner.jcadmin.JCAdminRunner<br>Test method: Runs Cucumber Scenarios<br>Parameters: "Menambah daftar rincian biaya baru active", "Rincian Biaya"</td>
<td><div><pre>io.cucumber.testng.UndefinedStepException: The step &apos;Admin klik tombol tambah rincian biaya&apos; is undefined.
You can implement this step using the snippet(s) below:

@When(&quot;Admin klik tombol tambah rincian biaya&quot;)
public void admin_klik_tombol_tambah_rincian_biaya() {
    // Write code here that turns the phrase above into concrete actions
    throw new io.cucumber.java.PendingException();
}

	at io.cucumber.core.runtime.TestCaseResultObserver.assertTestCasePassed(TestCaseResultObserver.java:69)
	at io.cucumber.testng.TestCaseResultObserver.assertTestCasePassed(TestCaseResultObserver.java:23)
	at io.cucumber.testng.TestNGCucumberRunner.lambda$runScenario$1(TestNGCucumberRunner.java:133)
	at io.cucumber.core.runtime.CucumberExecutionContext.lambda$runTestCase$5(CucumberExecutionContext.java:129)
	at io.cucumber.core.runtime.RethrowingThrowableCollector.executeAndThrow(RethrowingThrowableCollector.java:23)
	at io.cucumber.core.runtime.CucumberExecutionContext.runTestCase(CucumberExecutionContext.java:129)
	at io.cucumber.testng.TestNGCucumberRunner.runScenario(TestNGCucumberRunner.java:129)
	at io.cucumber.testng.AbstractTestNGCucumberTests.runScenario(AbstractTestNGCucumberTests.java:35)
	at java.base/jdk.internal.reflect.NativeMethodAccessorImpl.invoke0(Native Method)
	at java.base/jdk.internal.reflect.NativeMethodAccessorImpl.invoke(NativeMethodAccessorImpl.java:77)
	at java.base/jdk.internal.reflect.DelegatingMethodAccessorImpl.invoke(DelegatingMethodAccessorImpl.java:43)
	at java.base/java.lang.reflect.Method.invoke(Method.java:568)
	at org.testng.internal.invokers.MethodInvocationHelper.invokeMethod(MethodInvocationHelper.java:139)
	at org.testng.internal.invokers.TestInvoker.invokeMethod(TestInvoker.java:677)
	at org.testng.internal.invokers.TestInvoker.invokeTestMethod(TestInvoker.java:221)
	at org.testng.internal.invokers.MethodRunner.runInSequence(MethodRunner.java:50)
	at org.testng.internal.invokers.TestInvoker$MethodInvocationAgent.invoke(TestInvoker.java:962)
	at org.testng.internal.invokers.TestInvoker.invokeTestMethods(TestInvoker.java:194)
	at org.testng.internal.invokers.TestMethodWorker.invokeTestMethods(TestMethodWorker.java:148)
	at org.testng.internal.invokers.TestMethodWorker.run(TestMethodWorker.java:128)
	at java.base/java.util.ArrayList.forEach(ArrayList.java:1511)
	at org.testng.TestRunner.privateRun(TestRunner.java:806)
	at org.testng.TestRunner.run(TestRunner.java:601)
	at org.testng.SuiteRunner.runTest(SuiteRunner.java:433)
	at org.testng.SuiteRunner.runSequentially(SuiteRunner.java:427)
	at org.testng.SuiteRunner.privateRun(SuiteRunner.java:387)
	at org.testng.SuiteRunner.run(SuiteRunner.java:330)
	at org.testng.SuiteRunnerWorker.runSuite(SuiteRunnerWorker.java:52)
	at org.testng.SuiteRunnerWorker.run(SuiteRunnerWorker.java:95)
	at org.testng.TestNG.runSuitesSequentially(TestNG.java:1256)
	at org.testng.TestNG.runSuitesLocally(TestNG.java:1176)
	at org.testng.TestNG.runSuites(TestNG.java:1099)
	at org.testng.TestNG.run(TestNG.java:1067)
	at org.testng.remote.AbstractRemoteTestNG.run(AbstractRemoteTestNG.java:115)
	at org.testng.remote.RemoteTestNG.initAndRun(RemoteTestNG.java:251)
	at org.testng.remote.RemoteTestNG.main(RemoteTestNG.java:77)
</pre></div><a href='#' onClick='toggleBox("stack-trace1541019006", this, "Click to show all stack frames", "Click to hide stack frames")'>Click to show all stack frames</a>
<div class='stack-trace' id='stack-trace1541019006'><pre>io.cucumber.testng.UndefinedStepException: The step &apos;Admin klik tombol tambah rincian biaya&apos; is undefined.
You can implement this step using the snippet(s) below:

@When(&quot;Admin klik tombol tambah rincian biaya&quot;)
public void admin_klik_tombol_tambah_rincian_biaya() {
    // Write code here that turns the phrase above into concrete actions
    throw new io.cucumber.java.PendingException();
}

	at io.cucumber.core.runtime.TestCaseResultObserver.assertTestCasePassed(TestCaseResultObserver.java:69)
	at io.cucumber.testng.TestCaseResultObserver.assertTestCasePassed(TestCaseResultObserver.java:23)
	at io.cucumber.testng.TestNGCucumberRunner.lambda$runScenario$1(TestNGCucumberRunner.java:133)
	at io.cucumber.core.runtime.CucumberExecutionContext.lambda$runTestCase$5(CucumberExecutionContext.java:129)
	at io.cucumber.core.runtime.RethrowingThrowableCollector.executeAndThrow(RethrowingThrowableCollector.java:23)
	at io.cucumber.core.runtime.CucumberExecutionContext.runTestCase(CucumberExecutionContext.java:129)
	at io.cucumber.testng.TestNGCucumberRunner.runScenario(TestNGCucumberRunner.java:129)
	at io.cucumber.testng.AbstractTestNGCucumberTests.runScenario(AbstractTestNGCucumberTests.java:35)
	at java.base/jdk.internal.reflect.NativeMethodAccessorImpl.invoke0(Native Method)
	at java.base/jdk.internal.reflect.NativeMethodAccessorImpl.invoke(NativeMethodAccessorImpl.java:77)
	at java.base/jdk.internal.reflect.DelegatingMethodAccessorImpl.invoke(DelegatingMethodAccessorImpl.java:43)
	at java.base/java.lang.reflect.Method.invoke(Method.java:568)
	at org.testng.internal.invokers.MethodInvocationHelper.invokeMethod(MethodInvocationHelper.java:139)
	at org.testng.internal.invokers.TestInvoker.invokeMethod(TestInvoker.java:677)
	at org.testng.internal.invokers.TestInvoker.invokeTestMethod(TestInvoker.java:221)
	at org.testng.internal.invokers.MethodRunner.runInSequence(MethodRunner.java:50)
	at org.testng.internal.invokers.TestInvoker$MethodInvocationAgent.invoke(TestInvoker.java:962)
	at org.testng.internal.invokers.TestInvoker.invokeTestMethods(TestInvoker.java:194)
	at org.testng.internal.invokers.TestMethodWorker.invokeTestMethods(TestMethodWorker.java:148)
	at org.testng.internal.invokers.TestMethodWorker.run(TestMethodWorker.java:128)
	at java.base/java.util.ArrayList.forEach(ArrayList.java:1511)
	at org.testng.TestRunner.privateRun(TestRunner.java:806)
	at org.testng.TestRunner.run(TestRunner.java:601)
	at org.testng.SuiteRunner.runTest(SuiteRunner.java:433)
	at org.testng.SuiteRunner.runSequentially(SuiteRunner.java:427)
	at org.testng.SuiteRunner.privateRun(SuiteRunner.java:387)
	at org.testng.SuiteRunner.run(SuiteRunner.java:330)
	at org.testng.SuiteRunnerWorker.runSuite(SuiteRunnerWorker.java:52)
	at org.testng.SuiteRunnerWorker.run(SuiteRunnerWorker.java:95)
	at org.testng.TestNG.runSuitesSequentially(TestNG.java:1256)
	at org.testng.TestNG.runSuitesLocally(TestNG.java:1176)
	at org.testng.TestNG.runSuites(TestNG.java:1099)
	at org.testng.TestNG.run(TestNG.java:1067)
	at org.testng.remote.AbstractRemoteTestNG.run(AbstractRemoteTestNG.java:115)
	at org.testng.remote.RemoteTestNG.initAndRun(RemoteTestNG.java:251)
	at org.testng.remote.RemoteTestNG.main(RemoteTestNG.java:77)
</pre></div></td>
<td>10</td>
<td>cucumber.framework.runner.jcadmin.JCAdminRunner@1a677343</td></tr>
<tr>
<td title='cucumber.framework.runner.jcadmin.JCAdminRunner.runScenario()'><b>runScenario</b><br>Test class: cucumber.framework.runner.jcadmin.JCAdminRunner<br>Test method: Runs Cucumber Scenarios<br>Parameters: "Mengubah nama trainer edit cari", "Mencari dan Mengedit Trainer"</td>
<td><div><pre>java.lang.ArrayIndexOutOfBoundsException: Index 19 out of bounds for length 19
	at cucumber.framework.runner.jcadmin.JCAdminHooks.setUp(JCAdminHooks.java:35)
</pre></div><a href='#' onClick='toggleBox("stack-trace2036508486", this, "Click to show all stack frames", "Click to hide stack frames")'>Click to show all stack frames</a>
<div class='stack-trace' id='stack-trace2036508486'><pre>java.lang.ArrayIndexOutOfBoundsException: Index 19 out of bounds for length 19
	at cucumber.framework.runner.jcadmin.JCAdminHooks.setUp(JCAdminHooks.java:35)
</pre></div></td>
<td>0</td>
<td>cucumber.framework.runner.jcadmin.JCAdminRunner@1a677343</td></tr>
<tr>
<td title='cucumber.framework.runner.jcadmin.JCAdminRunner.runScenario()'><b>runScenario</b><br>Test class: cucumber.framework.runner.jcadmin.JCAdminRunner<br>Test method: Runs Cucumber Scenarios<br>Parameters: "Mencari data trainer", "Cari Trainer dan Berpindah Halaman"</td>
<td><div><pre>java.lang.AssertionError: expected [true] but found [false]
	at org.testng.Assert.fail(Assert.java:110)
	at org.testng.Assert.failNotEquals(Assert.java:1413)
	at org.testng.Assert.assertTrue(Assert.java:56)
	at org.testng.Assert.assertTrue(Assert.java:66)
	at cucumber.framework.runner.jcadmin.JCAdminAboutFindAndMoveTrainerImpl.admin_dapat_menemukan_data_trainer(JCAdminAboutFindAndMoveTrainerImpl.java:51)
	at ?.Admin dapat menemukan data trainer(file:///C:/Users/NEXSOFT/Documents/lmsJuaraKoding/workspaces/workspaceTA/TA-BOIM-NICO-NISA/src/main/resources/jcadmin/005About004FindAndMoveTrainer.feature:9)
</pre></div><a href='#' onClick='toggleBox("stack-trace811249375", this, "Click to show all stack frames", "Click to hide stack frames")'>Click to show all stack frames</a>
<div class='stack-trace' id='stack-trace811249375'><pre>java.lang.AssertionError: expected [true] but found [false]
	at org.testng.Assert.fail(Assert.java:110)
	at org.testng.Assert.failNotEquals(Assert.java:1413)
	at org.testng.Assert.assertTrue(Assert.java:56)
	at org.testng.Assert.assertTrue(Assert.java:66)
	at cucumber.framework.runner.jcadmin.JCAdminAboutFindAndMoveTrainerImpl.admin_dapat_menemukan_data_trainer(JCAdminAboutFindAndMoveTrainerImpl.java:51)
	at ?.Admin dapat menemukan data trainer(file:///C:/Users/NEXSOFT/Documents/lmsJuaraKoding/workspaces/workspaceTA/TA-BOIM-NICO-NISA/src/main/resources/jcadmin/005About004FindAndMoveTrainer.feature:9)
</pre></div></td>
<td>7</td>
<td>cucumber.framework.runner.jcadmin.JCAdminRunner@1a677343</td></tr>
<tr>
<td title='cucumber.framework.runner.jcadmin.JCAdminRunner.runScenario()'><b>runScenario</b><br>Test class: cucumber.framework.runner.jcadmin.JCAdminRunner<br>Test method: Runs Cucumber Scenarios<br>Parameters: "Mengubah jabatan trainer edit cari", "Mencari dan Mengedit Trainer"</td>
<td><div><pre>java.lang.ArrayIndexOutOfBoundsException: Index 19 out of bounds for length 19
	at cucumber.framework.runner.jcadmin.JCAdminHooks.setUp(JCAdminHooks.java:35)
</pre></div><a href='#' onClick='toggleBox("stack-trace1168981208", this, "Click to show all stack frames", "Click to hide stack frames")'>Click to show all stack frames</a>
<div class='stack-trace' id='stack-trace1168981208'><pre>java.lang.ArrayIndexOutOfBoundsException: Index 19 out of bounds for length 19
	at cucumber.framework.runner.jcadmin.JCAdminHooks.setUp(JCAdminHooks.java:35)
</pre></div></td>
<td>0</td>
<td>cucumber.framework.runner.jcadmin.JCAdminRunner@1a677343</td></tr>
<tr>
<td title='cucumber.framework.runner.jcadmin.JCAdminRunner.runScenario()'><b>runScenario</b><br>Test class: cucumber.framework.runner.jcadmin.JCAdminRunner<br>Test method: Runs Cucumber Scenarios<br>Parameters: "Mengubah profile trainer edit cari", "Mencari dan Mengedit Trainer"</td>
<td><div><pre>java.lang.ArrayIndexOutOfBoundsException: Index 19 out of bounds for length 19
	at cucumber.framework.runner.jcadmin.JCAdminHooks.setUp(JCAdminHooks.java:35)
</pre></div><a href='#' onClick='toggleBox("stack-trace1015539793", this, "Click to show all stack frames", "Click to hide stack frames")'>Click to show all stack frames</a>
<div class='stack-trace' id='stack-trace1015539793'><pre>java.lang.ArrayIndexOutOfBoundsException: Index 19 out of bounds for length 19
	at cucumber.framework.runner.jcadmin.JCAdminHooks.setUp(JCAdminHooks.java:35)
</pre></div></td>
<td>0</td>
<td>cucumber.framework.runner.jcadmin.JCAdminRunner@1a677343</td></tr>
<tr>
<td title='cucumber.framework.runner.jcadmin.JCAdminRunner.runScenario()'><b>runScenario</b><br>Test class: cucumber.framework.runner.jcadmin.JCAdminRunner<br>Test method: Runs Cucumber Scenarios<br>Parameters: "Mengubah profile trainer", "Mengedit Trainer"</td>
<td><div><pre>java.lang.ArrayIndexOutOfBoundsException: Index 19 out of bounds for length 19
	at cucumber.framework.runner.jcadmin.JCAdminHooks.setUp(JCAdminHooks.java:35)
</pre></div><a href='#' onClick='toggleBox("stack-trace1532728609", this, "Click to show all stack frames", "Click to hide stack frames")'>Click to show all stack frames</a>
<div class='stack-trace' id='stack-trace1532728609'><pre>java.lang.ArrayIndexOutOfBoundsException: Index 19 out of bounds for length 19
	at cucumber.framework.runner.jcadmin.JCAdminHooks.setUp(JCAdminHooks.java:35)
</pre></div></td>
<td>0</td>
<td>cucumber.framework.runner.jcadmin.JCAdminRunner@1a677343</td></tr>
<tr>
<td title='cucumber.framework.runner.jcadmin.JCAdminRunner.runScenario()'><b>runScenario</b><br>Test class: cucumber.framework.runner.jcadmin.JCAdminRunner<br>Test method: Runs Cucumber Scenarios<br>Parameters: "Menambah daftar rincian biaya baru active", "Rincian Biaya"</td>
<td><div><pre>io.cucumber.testng.UndefinedStepException: The step &apos;Admin klik tombol tambah rincian biaya&apos; is undefined.
You can implement this step using the snippet(s) below:

@When(&quot;Admin klik tombol tambah rincian biaya&quot;)
public void admin_klik_tombol_tambah_rincian_biaya() {
    // Write code here that turns the phrase above into concrete actions
    throw new io.cucumber.java.PendingException();
}

	at io.cucumber.core.runtime.TestCaseResultObserver.assertTestCasePassed(TestCaseResultObserver.java:69)
	at io.cucumber.testng.TestCaseResultObserver.assertTestCasePassed(TestCaseResultObserver.java:23)
	at io.cucumber.testng.TestNGCucumberRunner.lambda$runScenario$1(TestNGCucumberRunner.java:133)
	at io.cucumber.core.runtime.CucumberExecutionContext.lambda$runTestCase$5(CucumberExecutionContext.java:129)
	at io.cucumber.core.runtime.RethrowingThrowableCollector.executeAndThrow(RethrowingThrowableCollector.java:23)
	at io.cucumber.core.runtime.CucumberExecutionContext.runTestCase(CucumberExecutionContext.java:129)
	at io.cucumber.testng.TestNGCucumberRunner.runScenario(TestNGCucumberRunner.java:129)
	at io.cucumber.testng.AbstractTestNGCucumberTests.runScenario(AbstractTestNGCucumberTests.java:35)
	at java.base/jdk.internal.reflect.NativeMethodAccessorImpl.invoke0(Native Method)
	at java.base/jdk.internal.reflect.NativeMethodAccessorImpl.invoke(NativeMethodAccessorImpl.java:77)
	at java.base/jdk.internal.reflect.DelegatingMethodAccessorImpl.invoke(DelegatingMethodAccessorImpl.java:43)
	at java.base/java.lang.reflect.Method.invoke(Method.java:568)
	at org.testng.internal.invokers.MethodInvocationHelper.invokeMethod(MethodInvocationHelper.java:139)
	at org.testng.internal.invokers.TestInvoker.invokeMethod(TestInvoker.java:677)
	at org.testng.internal.invokers.TestInvoker.invokeTestMethod(TestInvoker.java:221)
	at org.testng.internal.invokers.MethodRunner.runInSequence(MethodRunner.java:50)
	at org.testng.internal.invokers.TestInvoker$MethodInvocationAgent.invoke(TestInvoker.java:962)
	at org.testng.internal.invokers.TestInvoker.invokeTestMethods(TestInvoker.java:194)
	at org.testng.internal.invokers.TestMethodWorker.invokeTestMethods(TestMethodWorker.java:148)
	at org.testng.internal.invokers.TestMethodWorker.run(TestMethodWorker.java:128)
	at java.base/java.util.ArrayList.forEach(ArrayList.java:1511)
	at org.testng.TestRunner.privateRun(TestRunner.java:806)
	at org.testng.TestRunner.run(TestRunner.java:601)
	at org.testng.SuiteRunner.runTest(SuiteRunner.java:433)
	at org.testng.SuiteRunner.runSequentially(SuiteRunner.java:427)
	at org.testng.SuiteRunner.privateRun(SuiteRunner.java:387)
	at org.testng.SuiteRunner.run(SuiteRunner.java:330)
	at org.testng.SuiteRunnerWorker.runSuite(SuiteRunnerWorker.java:52)
	at org.testng.SuiteRunnerWorker.run(SuiteRunnerWorker.java:95)
	at org.testng.TestNG.runSuitesSequentially(TestNG.java:1256)
	at org.testng.TestNG.runSuitesLocally(TestNG.java:1176)
	at org.testng.TestNG.runSuites(TestNG.java:1099)
	at org.testng.TestNG.run(TestNG.java:1067)
	at org.testng.remote.AbstractRemoteTestNG.run(AbstractRemoteTestNG.java:115)
	at org.testng.remote.RemoteTestNG.initAndRun(RemoteTestNG.java:251)
	at org.testng.remote.RemoteTestNG.main(RemoteTestNG.java:77)
</pre></div><a href='#' onClick='toggleBox("stack-trace1928117427", this, "Click to show all stack frames", "Click to hide stack frames")'>Click to show all stack frames</a>
<div class='stack-trace' id='stack-trace1928117427'><pre>io.cucumber.testng.UndefinedStepException: The step &apos;Admin klik tombol tambah rincian biaya&apos; is undefined.
You can implement this step using the snippet(s) below:

@When(&quot;Admin klik tombol tambah rincian biaya&quot;)
public void admin_klik_tombol_tambah_rincian_biaya() {
    // Write code here that turns the phrase above into concrete actions
    throw new io.cucumber.java.PendingException();
}

	at io.cucumber.core.runtime.TestCaseResultObserver.assertTestCasePassed(TestCaseResultObserver.java:69)
	at io.cucumber.testng.TestCaseResultObserver.assertTestCasePassed(TestCaseResultObserver.java:23)
	at io.cucumber.testng.TestNGCucumberRunner.lambda$runScenario$1(TestNGCucumberRunner.java:133)
	at io.cucumber.core.runtime.CucumberExecutionContext.lambda$runTestCase$5(CucumberExecutionContext.java:129)
	at io.cucumber.core.runtime.RethrowingThrowableCollector.executeAndThrow(RethrowingThrowableCollector.java:23)
	at io.cucumber.core.runtime.CucumberExecutionContext.runTestCase(CucumberExecutionContext.java:129)
	at io.cucumber.testng.TestNGCucumberRunner.runScenario(TestNGCucumberRunner.java:129)
	at io.cucumber.testng.AbstractTestNGCucumberTests.runScenario(AbstractTestNGCucumberTests.java:35)
	at java.base/jdk.internal.reflect.NativeMethodAccessorImpl.invoke0(Native Method)
	at java.base/jdk.internal.reflect.NativeMethodAccessorImpl.invoke(NativeMethodAccessorImpl.java:77)
	at java.base/jdk.internal.reflect.DelegatingMethodAccessorImpl.invoke(DelegatingMethodAccessorImpl.java:43)
	at java.base/java.lang.reflect.Method.invoke(Method.java:568)
	at org.testng.internal.invokers.MethodInvocationHelper.invokeMethod(MethodInvocationHelper.java:139)
	at org.testng.internal.invokers.TestInvoker.invokeMethod(TestInvoker.java:677)
	at org.testng.internal.invokers.TestInvoker.invokeTestMethod(TestInvoker.java:221)
	at org.testng.internal.invokers.MethodRunner.runInSequence(MethodRunner.java:50)
	at org.testng.internal.invokers.TestInvoker$MethodInvocationAgent.invoke(TestInvoker.java:962)
	at org.testng.internal.invokers.TestInvoker.invokeTestMethods(TestInvoker.java:194)
	at org.testng.internal.invokers.TestMethodWorker.invokeTestMethods(TestMethodWorker.java:148)
	at org.testng.internal.invokers.TestMethodWorker.run(TestMethodWorker.java:128)
	at java.base/java.util.ArrayList.forEach(ArrayList.java:1511)
	at org.testng.TestRunner.privateRun(TestRunner.java:806)
	at org.testng.TestRunner.run(TestRunner.java:601)
	at org.testng.SuiteRunner.runTest(SuiteRunner.java:433)
	at org.testng.SuiteRunner.runSequentially(SuiteRunner.java:427)
	at org.testng.SuiteRunner.privateRun(SuiteRunner.java:387)
	at org.testng.SuiteRunner.run(SuiteRunner.java:330)
	at org.testng.SuiteRunnerWorker.runSuite(SuiteRunnerWorker.java:52)
	at org.testng.SuiteRunnerWorker.run(SuiteRunnerWorker.java:95)
	at org.testng.TestNG.runSuitesSequentially(TestNG.java:1256)
	at org.testng.TestNG.runSuitesLocally(TestNG.java:1176)
	at org.testng.TestNG.runSuites(TestNG.java:1099)
	at org.testng.TestNG.run(TestNG.java:1067)
	at org.testng.remote.AbstractRemoteTestNG.run(AbstractRemoteTestNG.java:115)
	at org.testng.remote.RemoteTestNG.initAndRun(RemoteTestNG.java:251)
	at org.testng.remote.RemoteTestNG.main(RemoteTestNG.java:77)
</pre></div></td>
<td>4</td>
<td>cucumber.framework.runner.jcadmin.JCAdminRunner@1a677343</td></tr>
<tr>
<td title='cucumber.framework.runner.jcadmin.JCAdminRunner.runScenario()'><b>runScenario</b><br>Test class: cucumber.framework.runner.jcadmin.JCAdminRunner<br>Test method: Runs Cucumber Scenarios<br>Parameters: "Mengedit keunggulan2 di data pertama", "Rincian Biaya"</td>
<td><div><pre>io.cucumber.testng.UndefinedStepException: The step &apos;Admin mengedit keunggulan2 dengan dapat link kerja&apos; and 2 other step(s) are undefined.
You can implement these steps using the snippet(s) below:

@When(&quot;Admin mengedit keunggulan2 dengan dapat link kerja&quot;)
public void admin_mengedit_keunggulan2_dengan_dapat_link_kerja() {
    // Write code here that turns the phrase above into concrete actions
    throw new io.cucumber.java.PendingException();
}
@When(&quot;Admin menekan tombol simpan edit keunggulan2&quot;)
public void admin_menekan_tombol_simpan_edit_keunggulan2() {
    // Write code here that turns the phrase above into concrete actions
    throw new io.cucumber.java.PendingException();
}
@Then(&quot;Admin mengedit keunggulan2&quot;)
public void admin_mengedit_keunggulan2() {
    // Write code here that turns the phrase above into concrete actions
    throw new io.cucumber.java.PendingException();
}

	at io.cucumber.core.runtime.TestCaseResultObserver.assertTestCasePassed(TestCaseResultObserver.java:69)
	at io.cucumber.testng.TestCaseResultObserver.assertTestCasePassed(TestCaseResultObserver.java:23)
	at io.cucumber.testng.TestNGCucumberRunner.lambda$runScenario$1(TestNGCucumberRunner.java:133)
	at io.cucumber.core.runtime.CucumberExecutionContext.lambda$runTestCase$5(CucumberExecutionContext.java:129)
	at io.cucumber.core.runtime.RethrowingThrowableCollector.executeAndThrow(RethrowingThrowableCollector.java:23)
	at io.cucumber.core.runtime.CucumberExecutionContext.runTestCase(CucumberExecutionContext.java:129)
	at io.cucumber.testng.TestNGCucumberRunner.runScenario(TestNGCucumberRunner.java:129)
	at io.cucumber.testng.AbstractTestNGCucumberTests.runScenario(AbstractTestNGCucumberTests.java:35)
	at java.base/jdk.internal.reflect.NativeMethodAccessorImpl.invoke0(Native Method)
	at java.base/jdk.internal.reflect.NativeMethodAccessorImpl.invoke(NativeMethodAccessorImpl.java:77)
	at java.base/jdk.internal.reflect.DelegatingMethodAccessorImpl.invoke(DelegatingMethodAccessorImpl.java:43)
	at java.base/java.lang.reflect.Method.invoke(Method.java:568)
	at org.testng.internal.invokers.MethodInvocationHelper.invokeMethod(MethodInvocationHelper.java:139)
	at org.testng.internal.invokers.TestInvoker.invokeMethod(TestInvoker.java:677)
	at org.testng.internal.invokers.TestInvoker.invokeTestMethod(TestInvoker.java:221)
	at org.testng.internal.invokers.MethodRunner.runInSequence(MethodRunner.java:50)
	at org.testng.internal.invokers.TestInvoker$MethodInvocationAgent.invoke(TestInvoker.java:962)
	at org.testng.internal.invokers.TestInvoker.invokeTestMethods(TestInvoker.java:194)
	at org.testng.internal.invokers.TestMethodWorker.invokeTestMethods(TestMethodWorker.java:148)
	at org.testng.internal.invokers.TestMethodWorker.run(TestMethodWorker.java:128)
	at java.base/java.util.ArrayList.forEach(ArrayList.java:1511)
	at org.testng.TestRunner.privateRun(TestRunner.java:806)
	at org.testng.TestRunner.run(TestRunner.java:601)
	at org.testng.SuiteRunner.runTest(SuiteRunner.java:433)
	at org.testng.SuiteRunner.runSequentially(SuiteRunner.java:427)
	at org.testng.SuiteRunner.privateRun(SuiteRunner.java:387)
	at org.testng.SuiteRunner.run(SuiteRunner.java:330)
	at org.testng.SuiteRunnerWorker.runSuite(SuiteRunnerWorker.java:52)
	at org.testng.SuiteRunnerWorker.run(SuiteRunnerWorker.java:95)
	at org.testng.TestNG.runSuitesSequentially(TestNG.java:1256)
	at org.testng.TestNG.runSuitesLocally(TestNG.java:1176)
	at org.testng.TestNG.runSuites(TestNG.java:1099)
	at org.testng.TestNG.run(TestNG.java:1067)
	at org.testng.remote.AbstractRemoteTestNG.run(AbstractRemoteTestNG.java:115)
	at org.testng.remote.RemoteTestNG.initAndRun(RemoteTestNG.java:251)
	at org.testng.remote.RemoteTestNG.main(RemoteTestNG.java:77)
</pre></div><a href='#' onClick='toggleBox("stack-trace1788270137", this, "Click to show all stack frames", "Click to hide stack frames")'>Click to show all stack frames</a>
<div class='stack-trace' id='stack-trace1788270137'><pre>io.cucumber.testng.UndefinedStepException: The step &apos;Admin mengedit keunggulan2 dengan dapat link kerja&apos; and 2 other step(s) are undefined.
You can implement these steps using the snippet(s) below:

@When(&quot;Admin mengedit keunggulan2 dengan dapat link kerja&quot;)
public void admin_mengedit_keunggulan2_dengan_dapat_link_kerja() {
    // Write code here that turns the phrase above into concrete actions
    throw new io.cucumber.java.PendingException();
}
@When(&quot;Admin menekan tombol simpan edit keunggulan2&quot;)
public void admin_menekan_tombol_simpan_edit_keunggulan2() {
    // Write code here that turns the phrase above into concrete actions
    throw new io.cucumber.java.PendingException();
}
@Then(&quot;Admin mengedit keunggulan2&quot;)
public void admin_mengedit_keunggulan2() {
    // Write code here that turns the phrase above into concrete actions
    throw new io.cucumber.java.PendingException();
}

	at io.cucumber.core.runtime.TestCaseResultObserver.assertTestCasePassed(TestCaseResultObserver.java:69)
	at io.cucumber.testng.TestCaseResultObserver.assertTestCasePassed(TestCaseResultObserver.java:23)
	at io.cucumber.testng.TestNGCucumberRunner.lambda$runScenario$1(TestNGCucumberRunner.java:133)
	at io.cucumber.core.runtime.CucumberExecutionContext.lambda$runTestCase$5(CucumberExecutionContext.java:129)
	at io.cucumber.core.runtime.RethrowingThrowableCollector.executeAndThrow(RethrowingThrowableCollector.java:23)
	at io.cucumber.core.runtime.CucumberExecutionContext.runTestCase(CucumberExecutionContext.java:129)
	at io.cucumber.testng.TestNGCucumberRunner.runScenario(TestNGCucumberRunner.java:129)
	at io.cucumber.testng.AbstractTestNGCucumberTests.runScenario(AbstractTestNGCucumberTests.java:35)
	at java.base/jdk.internal.reflect.NativeMethodAccessorImpl.invoke0(Native Method)
	at java.base/jdk.internal.reflect.NativeMethodAccessorImpl.invoke(NativeMethodAccessorImpl.java:77)
	at java.base/jdk.internal.reflect.DelegatingMethodAccessorImpl.invoke(DelegatingMethodAccessorImpl.java:43)
	at java.base/java.lang.reflect.Method.invoke(Method.java:568)
	at org.testng.internal.invokers.MethodInvocationHelper.invokeMethod(MethodInvocationHelper.java:139)
	at org.testng.internal.invokers.TestInvoker.invokeMethod(TestInvoker.java:677)
	at org.testng.internal.invokers.TestInvoker.invokeTestMethod(TestInvoker.java:221)
	at org.testng.internal.invokers.MethodRunner.runInSequence(MethodRunner.java:50)
	at org.testng.internal.invokers.TestInvoker$MethodInvocationAgent.invoke(TestInvoker.java:962)
	at org.testng.internal.invokers.TestInvoker.invokeTestMethods(TestInvoker.java:194)
	at org.testng.internal.invokers.TestMethodWorker.invokeTestMethods(TestMethodWorker.java:148)
	at org.testng.internal.invokers.TestMethodWorker.run(TestMethodWorker.java:128)
	at java.base/java.util.ArrayList.forEach(ArrayList.java:1511)
	at org.testng.TestRunner.privateRun(TestRunner.java:806)
	at org.testng.TestRunner.run(TestRunner.java:601)
	at org.testng.SuiteRunner.runTest(SuiteRunner.java:433)
	at org.testng.SuiteRunner.runSequentially(SuiteRunner.java:427)
	at org.testng.SuiteRunner.privateRun(SuiteRunner.java:387)
	at org.testng.SuiteRunner.run(SuiteRunner.java:330)
	at org.testng.SuiteRunnerWorker.runSuite(SuiteRunnerWorker.java:52)
	at org.testng.SuiteRunnerWorker.run(SuiteRunnerWorker.java:95)
	at org.testng.TestNG.runSuitesSequentially(TestNG.java:1256)
	at org.testng.TestNG.runSuitesLocally(TestNG.java:1176)
	at org.testng.TestNG.runSuites(TestNG.java:1099)
	at org.testng.TestNG.run(TestNG.java:1067)
	at org.testng.remote.AbstractRemoteTestNG.run(AbstractRemoteTestNG.java:115)
	at org.testng.remote.RemoteTestNG.initAndRun(RemoteTestNG.java:251)
	at org.testng.remote.RemoteTestNG.main(RemoteTestNG.java:77)
</pre></div></td>
<td>4</td>
<td>cucumber.framework.runner.jcadmin.JCAdminRunner@1a677343</td></tr>
<tr>
<td title='cucumber.framework.runner.jcadmin.JCAdminRunner.runScenario()'><b>runScenario</b><br>Test class: cucumber.framework.runner.jcadmin.JCAdminRunner<br>Test method: Runs Cucumber Scenarios<br>Parameters: "Mengubah foto trainer edit cari", "Mencari dan Mengedit Trainer"</td>
<td><div><pre>java.lang.ArrayIndexOutOfBoundsException: Index 19 out of bounds for length 19
	at cucumber.framework.runner.jcadmin.JCAdminHooks.setUp(JCAdminHooks.java:35)
</pre></div><a href='#' onClick='toggleBox("stack-trace752572788", this, "Click to show all stack frames", "Click to hide stack frames")'>Click to show all stack frames</a>
<div class='stack-trace' id='stack-trace752572788'><pre>java.lang.ArrayIndexOutOfBoundsException: Index 19 out of bounds for length 19
	at cucumber.framework.runner.jcadmin.JCAdminHooks.setUp(JCAdminHooks.java:35)
</pre></div></td>
<td>0</td>
<td>cucumber.framework.runner.jcadmin.JCAdminRunner@1a677343</td></tr>
</table><p>
<table width='100%' border='1' class='invocation-passed'>
<tr><td colspan='4' align='center'><b>PASSED TESTS</b></td></tr>
<tr><td><b>Test method</b></td>
<td><b>Attribute(s)</b></td>
<td width="30%"><b>Exception</b></td>
<td width="10%"><b>Time (seconds)</b></td>
<td><b>Instance</b></td>
</tr>
<tr>
<td title='cucumber.framework.runner.jcadmin.JCAdminRunner.runScenario()'><b>runScenario</b><br>Test class: cucumber.framework.runner.jcadmin.JCAdminRunner<br>Test method: Runs Cucumber Scenarios<br>Parameters: "Mengedit data trainer publish", "Mengedit Trainer"</td>
<td></td>
<td>7</td>
<td>cucumber.framework.runner.jcadmin.JCAdminRunner@1a677343</td></tr>
<tr>
<td title='cucumber.framework.runner.jcadmin.JCAdminRunner.runScenario()'><b>runScenario</b><br>Test class: cucumber.framework.runner.jcadmin.JCAdminRunner<br>Test method: Runs Cucumber Scenarios<br>Parameters: "Mengubah foto trainer", "Mengedit Trainer"</td>
<td></td>
<td>8</td>
<td>cucumber.framework.runner.jcadmin.JCAdminRunner@1a677343</td></tr>
<tr>
<td title='cucumber.framework.runner.jcadmin.JCAdminRunner.runScenario()'><b>runScenario</b><br>Test class: cucumber.framework.runner.jcadmin.JCAdminRunner<br>Test method: Runs Cucumber Scenarios<br>Parameters: "Mengedit diskon di data pertama", "Rincian Biaya"</td>
<td></td>
<td>13</td>
<td>cucumber.framework.runner.jcadmin.JCAdminRunner@1a677343</td></tr>
<tr>
<td title='cucumber.framework.runner.jcadmin.JCAdminRunner.runScenario()'><b>runScenario</b><br>Test class: cucumber.framework.runner.jcadmin.JCAdminRunner<br>Test method: Runs Cucumber Scenarios<br>Parameters: "Mengedit keunggulan1 di data pertama", "Rincian Biaya"</td>
<td></td>
<td>11</td>
<td>cucumber.framework.runner.jcadmin.JCAdminRunner@1a677343</td></tr>
<tr>
<td title='cucumber.framework.runner.jcadmin.JCAdminRunner.runScenario()'><b>runScenario</b><br>Test class: cucumber.framework.runner.jcadmin.JCAdminRunner<br>Test method: Runs Cucumber Scenarios<br>Parameters: "Berpindah halaman list trainer", "Cari Trainer dan Berpindah Halaman"</td>
<td></td>
<td>7</td>
<td>cucumber.framework.runner.jcadmin.JCAdminRunner@1a677343</td></tr>
<tr>
<td title='cucumber.framework.runner.jcadmin.JCAdminRunner.runScenario()'><b>runScenario</b><br>Test class: cucumber.framework.runner.jcadmin.JCAdminRunner<br>Test method: Runs Cucumber Scenarios<br>Parameters: "Mengedit harga awal di data pertama", "Rincian Biaya"</td>
<td></td>
<td>12</td>
<td>cucumber.framework.runner.jcadmin.JCAdminRunner@1a677343</td></tr>
<tr>
<td title='cucumber.framework.runner.jcadmin.JCAdminRunner.runScenario()'><b>runScenario</b><br>Test class: cucumber.framework.runner.jcadmin.JCAdminRunner<br>Test method: Runs Cucumber Scenarios<br>Parameters: "Mengubah nama trainer", "Mengedit Trainer"</td>
<td></td>
<td>8</td>
<td>cucumber.framework.runner.jcadmin.JCAdminRunner@1a677343</td></tr>
<tr>
<td title='cucumber.framework.runner.jcadmin.JCAdminRunner.runScenario()'><b>runScenario</b><br>Test class: cucumber.framework.runner.jcadmin.JCAdminRunner<br>Test method: Runs Cucumber Scenarios<br>Parameters: "Menambah daftar trainer", "Menambah About"</td>
<td></td>
<td>15</td>
<td>cucumber.framework.runner.jcadmin.JCAdminRunner@1a677343</td></tr>
<tr>
<td title='cucumber.framework.runner.jcadmin.JCAdminRunner.runScenario()'><b>runScenario</b><br>Test class: cucumber.framework.runner.jcadmin.JCAdminRunner<br>Test method: Runs Cucumber Scenarios<br>Parameters: "Membuka halaman about", "Menambah About"</td>
<td></td>
<td>14</td>
<td>cucumber.framework.runner.jcadmin.JCAdminRunner@1a677343</td></tr>
<tr>
<td title='cucumber.framework.runner.jcadmin.JCAdminRunner.runScenario()'><b>runScenario</b><br>Test class: cucumber.framework.runner.jcadmin.JCAdminRunner<br>Test method: Runs Cucumber Scenarios<br>Parameters: "Mengedit data trainer publish", "Mengedit Trainer"</td>
<td></td>
<td>7</td>
<td>cucumber.framework.runner.jcadmin.JCAdminRunner@1a677343</td></tr>
<tr>
<td title='cucumber.framework.runner.jcadmin.JCAdminRunner.runScenario()'><b>runScenario</b><br>Test class: cucumber.framework.runner.jcadmin.JCAdminRunner<br>Test method: Runs Cucumber Scenarios<br>Parameters: "Mengedit nama program di data pertama", "Rincian Biaya"</td>
<td></td>
<td>16</td>
<td>cucumber.framework.runner.jcadmin.JCAdminRunner@1a677343</td></tr>
<tr>
<td title='cucumber.framework.runner.jcadmin.JCAdminRunner.runScenario()'><b>runScenario</b><br>Test class: cucumber.framework.runner.jcadmin.JCAdminRunner<br>Test method: Runs Cucumber Scenarios<br>Parameters: "Menambah daftar trainer", "Menambah About"</td>
<td></td>
<td>13</td>
<td>cucumber.framework.runner.jcadmin.JCAdminRunner@1a677343</td></tr>
<tr>
<td title='cucumber.framework.runner.jcadmin.JCAdminRunner.runScenario()'><b>runScenario</b><br>Test class: cucumber.framework.runner.jcadmin.JCAdminRunner<br>Test method: Runs Cucumber Scenarios<br>Parameters: "Mengubah jabatan trainer", "Mengedit Trainer"</td>
<td></td>
<td>8</td>
<td>cucumber.framework.runner.jcadmin.JCAdminRunner@1a677343</td></tr>
</table><p>
</body>
</html>